<?xml version="1.0" encoding="UTF-8"?>
<!-- Generated by org.testng.reporters.JUnitReportReporter -->
<testsuite hostname="XTEN-AV_1" failures="0" tests="10" name="api.tests.DDtests" time="3.453" errors="0" timestamp="2025-09-14T21:20:41 IST" skipped="0">
  <testcase classname="api.tests.DDtests" name="testPostStudent" time="0.059"/>
  <testcase classname="api.tests.DDtests" name="testPostStudent" time="0.037"/>
  <testcase classname="api.tests.DDtests" name="testPostStudent" time="0.054"/>
  <testcase classname="api.tests.DDtests" name="testPostStudent" time="0.045"/>
  <testcase classname="api.tests.DDtests" name="testPostStudent" time="2.998"/>
  <testcase classname="api.tests.DDtests" name="testPostStudent" time="0.039"/>
  <testcase classname="api.tests.DDtests" name="testPostStudent" time="0.044"/>
  <testcase classname="api.tests.DDtests" name="testPostStudent" time="0.053"/>
  <testcase classname="api.tests.DDtests" name="testPostStudent" time="0.047"/>
  <testcase classname="api.tests.DDtests" name="testPostStudent" time="0.077"/>
</testsuite> <!-- api.tests.DDtests -->
