<?xml version="1.0" encoding="UTF-8"?>
<!-- Generated by org.testng.reporters.JUnitReportReporter -->
<testsuite hostname="CHUTNEYYs-LAPTOP" failures="0" tests="1" name="api.pathQueryCookieHeader.HeadersDemo" time="16.989" errors="0" timestamp="2025-09-05T00:02:34 IST" skipped="0">
  <testcase classname="api.pathQueryCookieHeader.HeadersDemo" name="testHeadersInfo" time="16.989"/>
</testsuite> <!-- api.pathQueryCookieHeader.HeadersDemo -->
