<?xml version="1.0" encoding="UTF-8"?>
<!-- Generated by org.testng.reporters.JUnitReportReporter -->
<testsuite hostname="XTEN-AV_1" failures="0" tests="1" name="api.pathQueryCookieHeader.serializationAndDeserialization" time="1.612" errors="0" timestamp="2025-09-10T19:04:40 IST" skipped="0">
  <testcase classname="api.pathQueryCookieHeader.serializationAndDeserialization" name="testDeserialization" time="1.612"/>
</testsuite> <!-- api.pathQueryCookieHeader.serializationAndDeserialization -->
