<?xml version="1.0" encoding="UTF-8"?>
<!-- Generated by org.testng.reporters.JUnitReportReporter -->
<testsuite hostname="CHUTNEYYs-LAPTOP" failures="0" tests="4" name="api.tests.StudentsTest" time="16.168" errors="0" timestamp="2025-09-16T22:32:33 IST" skipped="0">
  <testcase classname="api.tests.StudentsTest" name="testCreateStudent" time="12.722"/>
  <testcase classname="api.tests.StudentsTest" name="testGetStudentById" time="1.220"/>
  <testcase classname="api.tests.StudentsTest" name="testUpdateStudent" time="1.114"/>
  <testcase classname="api.tests.StudentsTest" name="testDeleteStudent" time="1.112"/>
</testsuite> <!-- api.tests.StudentsTest -->
