<?xml version="1.0" encoding="UTF-8"?>
<!-- Generated by org.testng.reporters.JUnitReportReporter -->
<testsuite hostname="XTEN-AV_1" failures="0" tests="1" name="api.parsingJSONResponseBody.ParsingXMLResponseBody" time="2.830" errors="0" timestamp="2025-09-07T16:11:52 IST" skipped="0">
  <testcase classname="api.parsingJSONResponseBody.ParsingXMLResponseBody" name="testXMLparsing" time="2.830"/>
</testsuite> <!-- api.parsingJSONResponseBody.ParsingXMLResponseBody -->
