<?xml version="1.0" encoding="UTF-8"?>
<!-- Generated by org.testng.reporters.JUnitReportReporter -->
<testsuite hostname="CHUTNEYYs-LAPTOP" failures="0" tests="1" name="api.ChainingEndToEnd.DeleteUser" time="0.666" errors="0" timestamp="2025-09-11T23:55:59 IST" skipped="0">
  <testcase classname="api.ChainingEndToEnd.DeleteUser" name="test_deleteUser" time="0.666"/>
</testsuite> <!-- api.ChainingEndToEnd.DeleteUser -->
