<?xml version="1.0" encoding="UTF-8"?>
<!-- Generated by org.testng.reporters.JUnitReportReporter -->
<testsuite hostname="CHUTNEYYs-LAPTOP" failures="0" tests="1" name="api.pathQueryCookieHeader.JSONSchemaValidation" time="9.627" errors="0" timestamp="2025-09-09T23:16:02 IST" skipped="0">
  <testcase classname="api.pathQueryCookieHeader.JSONSchemaValidation" name="jsonSchemaValidationTest" time="9.627"/>
</testsuite> <!-- api.pathQueryCookieHeader.JSONSchemaValidation -->
