<?xml version="1.0" encoding="UTF-8"?>
<!-- Generated by org.testng.reporters.JUnitReportReporter -->
<testsuite hostname="XTEN-AV_1" failures="0" tests="2" name="api.tests.diffWaysToCreatPostReqBody" time="2.834" errors="0" timestamp="2025-09-01T11:35:59 IST" skipped="0">
  <testcase classname="api.tests.diffWaysToCreatPostReqBody" name="testUsingOrgJsonLibrary" time="2.286"/>
  <testcase classname="api.tests.diffWaysToCreatPostReqBody" name="testDeleteStudent" time="0.548"/>
</testsuite> <!-- api.tests.diffWaysToCreatPostReqBody -->
