<?xml version="1.0" encoding="UTF-8"?>
<!-- Generated by org.testng.reporters.JUnitReportReporter -->
<testsuite hostname="CHUTNEYYs-LAPTOP" failures="0" tests="4" name="api.tests.StudentsTest" time="12.201" errors="0" timestamp="2025-09-15T23:06:28 IST" skipped="0">
  <testcase classname="api.tests.StudentsTest" name="testCreateStudent" time="8.794"/>
  <testcase classname="api.tests.StudentsTest" name="testGetStudentById" time="1.245"/>
  <testcase classname="api.tests.StudentsTest" name="testUpdateStudent" time="1.112"/>
  <testcase classname="api.tests.StudentsTest" name="testDeleteStudent" time="1.050"/>
</testsuite> <!-- api.tests.StudentsTest -->
