<?xml version="1.0" encoding="UTF-8"?>
<!-- Generated by org.testng.reporters.JUnitReportReporter -->
<testsuite hostname="CHUTNEYYs-LAPTOP" failures="0" tests="2" name="api.tests.diffWaysToCreatPostReqBody" time="8.688" errors="0" timestamp="2025-09-01T22:53:33 IST" skipped="0">
  <testcase classname="api.tests.diffWaysToCreatPostReqBody" name="testUsingExternalJsonFile" time="8.078"/>
  <testcase classname="api.tests.diffWaysToCreatPostReqBody" name="testDeleteStudent" time="0.610"/>
</testsuite> <!-- api.tests.diffWaysToCreatPostReqBody -->
