<?xml version="1.0" encoding="UTF-8"?>
<!-- Generated by org.testng.reporters.JUnitReportReporter -->
<testsuite hostname="CHUTNEYYs-LAPTOP" failures="0" tests="1" name="api.pathQueryCookieHeader.XMLSchemaValidation" time="14.678" errors="0" timestamp="2025-09-09T23:40:09 IST" skipped="0">
  <testcase classname="api.pathQueryCookieHeader.XMLSchemaValidation" name="jsonSchemaValidationTest" time="14.678"/>
</testsuite> <!-- api.pathQueryCookieHeader.XMLSchemaValidation -->
