<?xml version="1.0" encoding="UTF-8"?>
<!-- Generated by org.testng.reporters.JUnitReportReporter -->
<testsuite hostname="XTEN-AV_1" failures="0" tests="1" name="api.parsingJSONResponseBody.ParsingJSONResponseBody" time="0.974" errors="0" timestamp="2025-09-07T14:09:49 IST" skipped="0">
  <testcase classname="api.parsingJSONResponseBody.ParsingJSONResponseBody" name="testParsingResponseBody" time="0.974"/>
</testsuite> <!-- api.parsingJSONResponseBody.ParsingJSONResponseBody -->
