<?xml version="1.0" encoding="UTF-8"?>
<!-- Generated by org.testng.reporters.JUnitReportReporter -->
<testsuite hostname="XTEN-AV_1" failures="0" tests="2" name="api.tests.diffWaysToCreatPostReqBody" time="4.535" errors="0" timestamp="2025-08-31T20:09:40 IST" skipped="0">
  <testcase classname="api.tests.diffWaysToCreatPostReqBody" name="testUsingHashMap" time="3.953"/>
  <testcase classname="api.tests.diffWaysToCreatPostReqBody" name="testDeleteStudent" time="0.582"/>
</testsuite> <!-- api.tests.diffWaysToCreatPostReqBody -->
