<?xml version="1.0" encoding="UTF-8"?>
<!-- Generated by org.testng.reporters.JUnitReportReporter -->
<testsuite hostname="CHUTNEYYs-LAPTOP" failures="0" tests="1" name="api.ChainingEndToEnd.CreatUser" time="9.704" errors="0" timestamp="2025-09-11T23:55:59 IST" skipped="0">
  <testcase classname="api.ChainingEndToEnd.CreatUser" name="test_createUser" time="9.704"/>
</testsuite> <!-- api.ChainingEndToEnd.CreatUser -->
