<?xml version="1.0" encoding="UTF-8"?>
<!-- Generated by org.testng.reporters.JUnitReportReporter -->
<testsuite hostname="XTEN-AV_1" failures="0" tests="4" name="api.tests.StudentsTest" time="13.345" errors="0" timestamp="2025-09-14T20:23:13 IST" skipped="0">
  <testcase classname="api.tests.StudentsTest" name="testCreateStudent" time="7.169"/>
  <testcase classname="api.tests.StudentsTest" name="testGetStudentById" time="2.103"/>
  <testcase classname="api.tests.StudentsTest" name="testUpdateStudent" time="2.037"/>
  <testcase classname="api.tests.StudentsTest" name="testDeleteStudent" time="2.036"/>
</testsuite> <!-- api.tests.StudentsTest -->
