<?xml version="1.0" encoding="UTF-8"?>
<!-- Generated by org.testng.reporters.JUnitReportReporter -->
<testsuite hostname="XTEN-AV_1" failures="0" tests="4" name="api.tests.StudentsTest" time="13.635" errors="0" timestamp="2025-08-31T10:08:05 IST" skipped="0">
  <testcase classname="api.tests.StudentsTest" name="testCreateStudent" time="5.998"/>
  <testcase classname="api.tests.StudentsTest" name="testGetStudentById" time="3.541"/>
  <testcase classname="api.tests.StudentsTest" name="testUpdateStudent" time="2.056"/>
  <testcase classname="api.tests.StudentsTest" name="testDeleteStudent" time="2.040"/>
</testsuite> <!-- api.tests.StudentsTest -->
