<?xml version="1.0" encoding="UTF-8"?>
<!-- Generated by org.testng.reporters.JUnitReportReporter -->
<testsuite hostname="XTEN-AV_1" failures="0" tests="2" name="api.tests.UserTest" time="5.446" errors="0" timestamp="2025-08-27T20:19:44 IST" skipped="0">
  <testcase classname="api.tests.UserTest" name="testPostUser" time="4.189"/>
  <testcase classname="api.tests.UserTest" name="testGetUserByName" time="1.257"/>
</testsuite> <!-- api.tests.UserTest -->
