<?xml version="1.0" encoding="UTF-8"?>
<!-- Generated by org.testng.reporters.JUnitReportReporter -->
<testsuite hostname="XTEN-AV_1" failures="0" tests="2" name="api.fileUploadAndDownload.fileUploadAndDownload" time="2.760" errors="0" timestamp="2025-09-07T17:15:14 IST" skipped="0">
  <testcase classname="api.fileUploadAndDownload.fileUploadAndDownload" name="testSingleFileUpload" time="2.715"/>
  <testcase classname="api.fileUploadAndDownload.fileUploadAndDownload" name="testFileDownload" time="0.045"/>
</testsuite> <!-- api.fileUploadAndDownload.fileUploadAndDownload -->
