<?xml version="1.0" encoding="UTF-8"?>
<!-- Generated by org.testng.reporters.JUnitReportReporter -->
<testsuite hostname="XTEN-AV_1" failures="0" tests="1" name="api.pathQueryCookieHeader.XMLSchemaValidation" time="2.247" errors="0" timestamp="2025-09-10T14:38:12 IST" skipped="0">
  <testcase classname="api.pathQueryCookieHeader.XMLSchemaValidation" name="jsonSchemaValidationTest" time="2.247"/>
</testsuite> <!-- api.pathQueryCookieHeader.XMLSchemaValidation -->
