<?xml version="1.0" encoding="UTF-8"?>
<!-- Generated by org.testng.reporters.JUnitReportReporter -->
<testsuite hostname="CHUTNEYYs-LAPTOP" failures="0" tests="1" name="api.ChainingEndToEnd.GetUser" time="0.761" errors="0" timestamp="2025-09-11T23:55:59 IST" skipped="0">
  <testcase classname="api.ChainingEndToEnd.GetUser" name="test_getUser" time="0.761"/>
</testsuite> <!-- api.ChainingEndToEnd.GetUser -->
