<?xml version="1.0" encoding="UTF-8"?>
<!-- Generated by org.testng.reporters.JUnitReportReporter -->
<testsuite hostname="XTEN-AV_1" failures="0" tests="4" name="api.tests.StudentsTest" time="7.034" errors="0" timestamp="2025-09-21T14:15:43 IST" skipped="0">
  <testcase classname="api.tests.StudentsTest" name="testCreateStudent" time="3.932"/>
  <testcase classname="api.tests.StudentsTest" name="testGetStudentById" time="1.048"/>
  <testcase classname="api.tests.StudentsTest" name="testUpdateStudent" time="1.022"/>
  <testcase classname="api.tests.StudentsTest" name="testDeleteStudent" time="1.032"/>
</testsuite> <!-- api.tests.StudentsTest -->
