<?xml version="1.0" encoding="UTF-8"?>
<!-- Generated by org.testng.reporters.JUnitReportReporter -->
<testsuite hostname="CHUTNEYYs-LAPTOP" failures="0" tests="1" name="api.pathQueryCookieHeader.CookieDemo" time="13.622" errors="0" timestamp="2025-09-04T23:42:50 IST" skipped="0">
  <testcase classname="api.pathQueryCookieHeader.CookieDemo" name="testCookiesInfo" time="13.622"/>
</testsuite> <!-- api.pathQueryCookieHeader.CookieDemo -->
