<?xml version="1.0" encoding="UTF-8"?>
<!-- Generated by org.testng.reporters.JUnitReportReporter -->
<testsuite hostname="CHUTNEYYs-LAPTOP" failures="0" tests="1" name="api.pathQueryCookieHeader.PathAndQueryParam" time="13.702" errors="0" timestamp="2025-09-04T23:20:55 IST" skipped="0">
  <testcase classname="api.pathQueryCookieHeader.PathAndQueryParam" name="testPathAndQueryParams" time="13.702"/>
</testsuite> <!-- api.pathQueryCookieHeader.PathAndQueryParam -->
