<?xml version="1.0" encoding="UTF-8"?>
<!-- Generated by org.testng.reporters.JUnitReportReporter -->
<testsuite hostname="XTEN-AV_1" failures="0" tests="4" name="api.tests.StudentsTest" time="11.654" errors="0" timestamp="2025-08-29T18:04:13 IST" skipped="0">
  <testcase classname="api.tests.StudentsTest" name="testCreateStudent" time="4.588"/>
  <testcase classname="api.tests.StudentsTest" name="testGetStudentById" time="2.935"/>
  <testcase classname="api.tests.StudentsTest" name="testUpdateStudent" time="2.050"/>
  <testcase classname="api.tests.StudentsTest" name="testDeleteStudent" time="2.081"/>
</testsuite> <!-- api.tests.StudentsTest -->
